生成启动时间为 2021/6/19 16:52:40。
     1>项目“C:\Users\dsx\Documents\Visual Studio 2010\Projects\演讲比赛管理系统\演讲比赛管理系统\演讲比赛管理系统.vcxproj”在节点 2 上(build 个目标)。
     1>InitializeBuildStatus:
         正在创建“Debug\演讲比赛管理系统.unsuccessfulbuild”，因为已指定“AlwaysCreate”。
       ClCompile:
         d:\visual studio\VC\bin\CL.exe /c /ZI /nologo /W3 /WX- /Od /Oy- /D _UNICODE /D UNICODE /Gm /EHsc /RTC1 /MDd /GS /fp:precise /Zc:wchar_t /Zc:forScope /Fo"Debug\\" /Fd"Debug\vc100.pdb" /Gd /TP /analyze- /errorReport:prompt Manager.cpp "查看往届比赛.cpp" "清空比赛记录.cpp"
         清空比赛记录.cpp
         查看往届比赛.cpp
         Manager.cpp
         正在生成代码...
       Link:
         d:\visual studio\VC\bin\link.exe /ERRORREPORT:PROMPT /OUT:"C:\Users\dsx\Documents\Visual Studio 2010\Projects\演讲比赛管理系统\Debug\演讲比赛管理系统.exe" /NOLOGO kernel32.lib user32.lib gdi32.lib winspool.lib comdlg32.lib advapi32.lib shell32.lib ole32.lib oleaut32.lib uuid.lib odbc32.lib odbccp32.lib /MANIFEST /ManifestFile:"Debug\演讲比赛管理系统.exe.intermediate.manifest" /MANIFESTUAC:"level='asInvoker' uiAccess='false'" /DEBUG /PDB:"C:\Users\dsx\Documents\Visual Studio 2010\Projects\演讲比赛管理系统\Debug\演讲比赛管理系统.pdb" /TLBID:1 /DYNAMICBASE /NXCOMPAT /IMPLIB:"C:\Users\dsx\Documents\Visual Studio 2010\Projects\演讲比赛管理系统\Debug\演讲比赛管理系统.lib" /MACHINE:X86 Debug\Manager.obj
         Debug\Menu.obj
         "Debug\查看往届比赛.obj"
         "Debug\比赛流程.obj"
         "Debug\清空比赛记录.obj"
         "Debug\演讲比赛管理系统.obj"
         LINK : 没有找到 C:\Users\dsx\Documents\Visual Studio 2010\Projects\演讲比赛管理系统\Debug\演讲比赛管理系统.exe 或上一个增量链接没有生成它；正在执行完全链接
         演讲比赛管理系统.vcxproj -> C:\Users\dsx\Documents\Visual Studio 2010\Projects\演讲比赛管理系统\Debug\演讲比赛管理系统.exe
       Manifest:
         C:\Program Files (x86)\Microsoft SDKs\Windows\v7.0A\bin\mt.exe /nologo /verbose /outputresource:"C:\Users\dsx\Documents\Visual Studio 2010\Projects\演讲比赛管理系统\Debug\演讲比赛管理系统.exe;#1" /manifest "Debug\演讲比赛管理系统.exe.intermediate.manifest"
       FinalizeBuildStatus:
         正在删除文件“Debug\演讲比赛管理系统.unsuccessfulbuild”。
         正在对“Debug\演讲比赛管理系统.lastbuildstate”执行 Touch 任务。
     1>已完成生成项目“C:\Users\dsx\Documents\Visual Studio 2010\Projects\演讲比赛管理系统\演讲比赛管理系统\演讲比赛管理系统.vcxproj”(build 个目标)的操作。

生成成功。

已用时间 00:00:04.08
