生成启动时间为 2021/6/18 13:56:28。
     1>项目“C:\Users\dsx\Documents\Visual Studio 2010\Projects\机房预约系统\机房预约系统\机房预约系统.vcxproj”在节点 2 上(build 个目标)。
     1>InitializeBuildStatus:
         正在创建“Debug\机房预约系统.unsuccessfulbuild”，因为已指定“AlwaysCreate”。
       ClCompile:
         d:\visual studio\VC\bin\CL.exe /c /ZI /nologo /W3 /WX- /Od /Oy- /D _UNICODE /D UNICODE /Gm /EHsc /RTC1 /MDd /GS /fp:precise /Zc:wchar_t /Zc:forScope /Fo"Debug\\" /Fd"Debug\vc100.pdb" /Gd /TP /analyze- /errorReport:prompt teacher.cpp
         teacher.cpp
     1>c:\users\dsx\documents\visual studio 2010\projects\机房预约系统\机房预约系统\teacher.cpp(105): warning C4018: “<=”: 有符号/无符号不匹配
       Link:
         d:\visual studio\VC\bin\link.exe /ERRORREPORT:PROMPT /OUT:"C:\Users\dsx\Documents\Visual Studio 2010\Projects\机房预约系统\Debug\机房预约系统.exe" /NOLOGO kernel32.lib user32.lib gdi32.lib winspool.lib comdlg32.lib advapi32.lib shell32.lib ole32.lib oleaut32.lib uuid.lib odbc32.lib odbccp32.lib /MANIFEST /ManifestFile:"Debug\机房预约系统.exe.intermediate.manifest" /MANIFESTUAC:"level='asInvoker' uiAccess='false'" /DEBUG /PDB:"C:\Users\dsx\Documents\Visual Studio 2010\Projects\机房预约系统\Debug\机房预约系统.pdb" /TLBID:1 /DYNAMICBASE /NXCOMPAT /IMPLIB:"C:\Users\dsx\Documents\Visual Studio 2010\Projects\机房预约系统\Debug\机房预约系统.lib" /MACHINE:X86 Debug\manager.obj
         Debug\order.obj
         Debug\student.obj
         Debug\teacher.obj
         "Debug\机房预约系统.obj"
         LINK : 没有找到 C:\Users\dsx\Documents\Visual Studio 2010\Projects\机房预约系统\Debug\机房预约系统.exe 或上一个增量链接没有生成它；正在执行完全链接
         机房预约系统.vcxproj -> C:\Users\dsx\Documents\Visual Studio 2010\Projects\机房预约系统\Debug\机房预约系统.exe
       Manifest:
         C:\Program Files (x86)\Microsoft SDKs\Windows\v7.0A\bin\mt.exe /nologo /verbose /outputresource:"C:\Users\dsx\Documents\Visual Studio 2010\Projects\机房预约系统\Debug\机房预约系统.exe;#1" /manifest "Debug\机房预约系统.exe.intermediate.manifest"
       FinalizeBuildStatus:
         正在删除文件“Debug\机房预约系统.unsuccessfulbuild”。
         正在对“Debug\机房预约系统.lastbuildstate”执行 Touch 任务。
     1>已完成生成项目“C:\Users\dsx\Documents\Visual Studio 2010\Projects\机房预约系统\机房预约系统\机房预约系统.vcxproj”(build 个目标)的操作。

生成成功。

已用时间 00:00:01.63
